Using pre-set license
Built from '2021.3/staging' branch; Version is '2021.3.1f1 (3b70a0754835) revision 3895456'; Using compiler version '192829333'; Build Type 'Release'
OS: 'Windows 10  (10.0.19044) 64bit Professional' Language: 'ru' Physical Memory: 7549 MB
BatchMode: 1, IsHumanControllingUs: 0, StartBugReporterOnCrash: 0, Is64bit: 1, IsPro: 1

COMMAND LINE ARGUMENTS:
C:\Program Files\Unity 2021.3.1f1\Editor\Unity.exe
-adb2
-batchMode
-noUpm
-name
AssetImportWorker0
-projectPath
C:/Users/dince/Projects/Unity/Believe or Not
-logFile
Logs/AssetImportWorker0.log
-srvPort
51380
Successfully changed project path to: C:/Users/dince/Projects/Unity/Believe or Not
C:/Users/dince/Projects/Unity/Believe or Not
[UnityMemory] Configuration Parameters - Can be set up in boot.config
    "memorysetup-bucket-allocator-granularity=16"
    "memorysetup-bucket-allocator-bucket-count=8"
    "memorysetup-bucket-allocator-block-size=33554432"
    "memorysetup-bucket-allocator-block-count=8"
    "memorysetup-main-allocator-block-size=16777216"
    "memorysetup-thread-allocator-block-size=16777216"
    "memorysetup-gfx-main-allocator-block-size=16777216"
    "memorysetup-gfx-thread-allocator-block-size=16777216"
    "memorysetup-cache-allocator-block-size=4194304"
    "memorysetup-typetree-allocator-block-size=2097152"
    "memorysetup-profiler-bucket-allocator-granularity=16"
    "memorysetup-profiler-bucket-allocator-bucket-count=8"
    "memorysetup-profiler-bucket-allocator-block-size=33554432"
    "memorysetup-profiler-bucket-allocator-block-count=8"
    "memorysetup-profiler-allocator-block-size=16777216"
    "memorysetup-profiler-editor-allocator-block-size=1048576"
    "memorysetup-temp-allocator-size-main=16777216"
    "memorysetup-job-temp-allocator-block-size=2097152"
    "memorysetup-job-temp-allocator-block-size-background=1048576"
    "memorysetup-job-temp-allocator-reduction-small-platforms=262144"
    "memorysetup-temp-allocator-size-background-worker=32768"
    "memorysetup-temp-allocator-size-job-worker=262144"
    "memorysetup-temp-allocator-size-preload-manager=33554432"
    "memorysetup-temp-allocator-size-nav-mesh-worker=65536"
    "memorysetup-temp-allocator-size-audio-worker=65536"
    "memorysetup-temp-allocator-size-cloud-worker=32768"
    "memorysetup-temp-allocator-size-gi-baking-worker=262144"
    "memorysetup-temp-allocator-size-gfx=262144"
Refreshing native plugins compatible for Editor in 92.49 ms, found 4 plugins.
Preloading 0 native plugins for Editor in 0.00 ms.
Initialize engine version: 2021.3.1f1 (3b70a0754835)
[Subsystems] Discovering subsystems at path C:/Program Files/Unity 2021.3.1f1/Editor/Data/Resources/UnitySubsystems
[Subsystems] Discovering subsystems at path C:/Users/dince/Projects/Unity/Believe or Not/Assets
GfxDevice: creating device client; threaded=0; jobified=0
Direct3D:
    Version:  Direct3D 11.0 [level 11.1]
    Renderer: NVIDIA GeForce GTX 1650 (ID=0x1f99)
    Vendor:   NVIDIA
    VRAM:     3962 MB
    Driver:   30.0.15.1259
Initialize mono
Mono path[0] = 'C:/Program Files/Unity 2021.3.1f1/Editor/Data/Managed'
Mono path[1] = 'C:/Program Files/Unity 2021.3.1f1/Editor/Data/MonoBleedingEdge/lib/mono/unityjit-win32'
Mono config path = 'C:/Program Files/Unity 2021.3.1f1/Editor/Data/MonoBleedingEdge/etc'
Using monoOptions --debugger-agent=transport=dt_socket,embedding=1,server=y,suspend=n,address=127.0.0.1:56296
Begin MonoManager ReloadAssembly
Registering precompiled unity dll's ...
Register platform support module: C:/Program Files/Unity 2021.3.1f1/Editor/Data/PlaybackEngines/WindowsStandaloneSupport/UnityEditor.WindowsStandalone.Extensions.dll
Registered in 0.006011 seconds.
Native extension for WindowsStandalone target not found
Refreshing native plugins compatible for Editor in 90.76 ms, found 4 plugins.
Preloading 0 native plugins for Editor in 0.00 ms.
Mono: successfully reloaded assembly
- Completed reload, in  0.622 seconds
Domain Reload Profiling:
	ReloadAssembly (622ms)
		BeginReloadAssembly (69ms)
			ExecutionOrderSort (0ms)
			DisableScriptedObjects (0ms)
			BackupInstance (0ms)
			ReleaseScriptingObjects (0ms)
			CreateAndSetChildDomain (1ms)
		EndReloadAssembly (449ms)
			LoadAssemblies (67ms)
			RebuildTransferFunctionScriptingTraits (0ms)
			SetupTypeCache (95ms)
			ReleaseScriptCaches (0ms)
			RebuildScriptCaches (27ms)
			SetupLoadedEditorAssemblies (281ms)
				LogAssemblyErrors (0ms)
				InitializePlatformSupportModulesInManaged (7ms)
				SetLoadedEditorAssemblies (0ms)
				RefreshPlugins (91ms)
				BeforeProcessingInitializeOnLoad (1ms)
				ProcessInitializeOnLoadAttributes (138ms)
				ProcessInitializeOnLoadMethodAttributes (44ms)
				AfterProcessingInitializeOnLoad (0ms)
				EditorAssembliesLoaded (0ms)
			ExecutionOrderSort2 (0ms)
			AwakeInstancesAfterBackupRestoration (0ms)
Platform modules already initialized, skipping
Registering precompiled user dll's ...
Registered in 0.004799 seconds.
Begin MonoManager ReloadAssembly
Symbol file LoadedFromMemory doesn't match image C:\Users\dince\Projects\Unity\Believe or Not\Library\PackageCache\com.unity.visualscripting@1.7.6\Editor\VisualScripting.Core\Dependencies\YamlDotNet\Unity.VisualScripting.YamlDotNet.dll
Symbol file LoadedFromMemory is not a mono symbol file
Symbol file LoadedFromMemory doesn't match image C:\Users\dince\Projects\Unity\Believe or Not\Library\PackageCache\com.unity.visualscripting@1.7.6\Editor\VisualScripting.Core\Dependencies\DotNetZip\Unity.VisualScripting.IonicZip.dll
Native extension for WindowsStandalone target not found
Refreshing native plugins compatible for Editor in 95.99 ms, found 4 plugins.
Preloading 0 native plugins for Editor in 0.00 ms.
Mono: successfully reloaded assembly
- Completed reload, in  1.160 seconds
Domain Reload Profiling:
	ReloadAssembly (1160ms)
		BeginReloadAssembly (111ms)
			ExecutionOrderSort (0ms)
			DisableScriptedObjects (6ms)
			BackupInstance (0ms)
			ReleaseScriptingObjects (0ms)
			CreateAndSetChildDomain (22ms)
		EndReloadAssembly (938ms)
			LoadAssemblies (134ms)
			RebuildTransferFunctionScriptingTraits (0ms)
			SetupTypeCache (216ms)
			ReleaseScriptCaches (1ms)
			RebuildScriptCaches (56ms)
			SetupLoadedEditorAssemblies (484ms)
				LogAssemblyErrors (0ms)
				InitializePlatformSupportModulesInManaged (5ms)
				SetLoadedEditorAssemblies (0ms)
				RefreshPlugins (96ms)
				BeforeProcessingInitializeOnLoad (102ms)
				ProcessInitializeOnLoadAttributes (230ms)
				ProcessInitializeOnLoadMethodAttributes (45ms)
				AfterProcessingInitializeOnLoad (6ms)
				EditorAssembliesLoaded (0ms)
			ExecutionOrderSort2 (0ms)
			AwakeInstancesAfterBackupRestoration (6ms)
Platform modules already initialized, skipping
========================================================================
Worker process is ready to serve import requests
Launched and connected shader compiler UnityShaderCompiler.exe after 0.08 seconds
Refreshing native plugins compatible for Editor in 0.76 ms, found 4 plugins.
Preloading 0 native plugins for Editor in 0.00 ms.
Unloading 3942 Unused Serialized files (Serialized files now loaded: 0)
Unloading 40 unused Assets / (225.4 KB). Loaded Objects now: 4396.
Memory consumption went from 149.7 MB to 149.5 MB.
Total: 3.887500 ms (FindLiveObjects: 0.393400 ms CreateObjectMapping: 0.145300 ms MarkObjects: 3.157100 ms  DeleteObjects: 0.190200 ms)

AssetImportParameters requested are different than current active one (requested -> active):
  custom:video-decoder-ogg-theora: a1e56fd34408186e4bbccfd4996cb3dc -> 
  custom:container-muxer-webm: aa71ff27fc2769a1b78a27578f13a17b -> 
  custom:container-demuxer-webm: 4f35f7cbe854078d1ac9338744f61a02 -> 
  custom:video-encoder-webm-vp8: eb34c28f22e8b96e1ab97ce403110664 -> 
  custom:audio-encoder-webm-vorbis: bf7c407c2cedff20999df2af8eb42d56 -> 
  custom:framework-win-MediaFoundation: 216162199b28c13a410421893ffa2e32 -> 
  custom:container-demuxer-ogg: 62fdf1f143b41e24485cea50d1cbac27 -> 
  custom:video-decoder-webm-vp8: 9c59270c3fd7afecdb556c50c9e8de78 -> 
  custom:audio-decoder-ogg-vorbis: bf7c407c2cedff20999df2af8eb42d56 -> 
========================================================================
Received Import Request.
  Time since last request: 707.537166 seconds.
  path: Assets/UI button pack 2/Black/1-right-black.png
  artifactKey: Guid(242e658b71cc6c246b47898850914362) Importer(815301076,1909f56bfc062723c751e8b465ee728b)
Start importing Assets/UI button pack 2/Black/1-right-black.png using Guid(242e658b71cc6c246b47898850914362) Importer(815301076,1909f56bfc062723c751e8b465ee728b)  -> (artifact id: 'e4a5c5068a14d7ca34d9975bf5282534') in 0.261539 seconds 
========================================================================
Received Import Request.
  Time since last request: 0.000069 seconds.
  path: Assets/UI button pack 2/Black/1-down-black.png
  artifactKey: Guid(5e77f73048d5cbf409cf7fb4cc033b16) Importer(815301076,1909f56bfc062723c751e8b465ee728b)
Start importing Assets/UI button pack 2/Black/1-down-black.png using Guid(5e77f73048d5cbf409cf7fb4cc033b16) Importer(815301076,1909f56bfc062723c751e8b465ee728b)  -> (artifact id: '481a6844c291ea3073547f37da60d249') in 0.059835 seconds 
========================================================================
Received Import Request.
  Time since last request: 0.000034 seconds.
  path: Assets/UI button pack 2/Black/1--left-black.png
  artifactKey: Guid(7250e061ca561fa47a66234b575201f7) Importer(815301076,1909f56bfc062723c751e8b465ee728b)
Start importing Assets/UI button pack 2/Black/1--left-black.png using Guid(7250e061ca561fa47a66234b575201f7) Importer(815301076,1909f56bfc062723c751e8b465ee728b)  -> (artifact id: '91794c7c8396ee7fcc2b4d6be7685b80') in 0.055141 seconds 
========================================================================
Received Import Request.
  Time since last request: 0.000027 seconds.
  path: Assets/UI button pack 2/Black/0-Black.png
  artifactKey: Guid(7f5385e2550dfd44e9549df9428da77b) Importer(815301076,1909f56bfc062723c751e8b465ee728b)
Start importing Assets/UI button pack 2/Black/0-Black.png using Guid(7f5385e2550dfd44e9549df9428da77b) Importer(815301076,1909f56bfc062723c751e8b465ee728b)  -> (artifact id: '90edbeeb38db09d3ee1c661b0eeefce0') in 0.058056 seconds 
========================================================================
Received Import Request.
  Time since last request: 0.000032 seconds.
  path: Assets/UI button pack 2
  artifactKey: Guid(121728ca05b3eee48bbaebd1e2cf7e4a) Importer(815301076,1909f56bfc062723c751e8b465ee728b)
Start importing Assets/UI button pack 2 using Guid(121728ca05b3eee48bbaebd1e2cf7e4a) Importer(815301076,1909f56bfc062723c751e8b465ee728b)  -> (artifact id: '9ba9e8a7bb9243404c7b33bc29df4b6d') in 0.006766 seconds 
========================================================================
Received Import Request.
  Time since last request: 0.000040 seconds.
  path: Assets/UI button pack 2/Black/1-3.png
  artifactKey: Guid(4f066e81c9a895948be6142b603a89c8) Importer(815301076,1909f56bfc062723c751e8b465ee728b)
Start importing Assets/UI button pack 2/Black/1-3.png using Guid(4f066e81c9a895948be6142b603a89c8) Importer(815301076,1909f56bfc062723c751e8b465ee728b)  -> (artifact id: 'ed8dab8e1594e1d54359ca8e791a51f6') in 0.056301 seconds 
========================================================================
Received Import Request.
  Time since last request: 10.717841 seconds.
  path: Assets/UI button pack 2/Black/2-right-lack.png
  artifactKey: Guid(be2563cda0c352547a30057c472789dc) Importer(815301076,1909f56bfc062723c751e8b465ee728b)
Start importing Assets/UI button pack 2/Black/2-right-lack.png using Guid(be2563cda0c352547a30057c472789dc) Importer(815301076,1909f56bfc062723c751e8b465ee728b)  -> (artifact id: '12d74cca7d323ce2f0cbaf42937a67fc') in 0.064843 seconds 
========================================================================
Received Import Request.
  Time since last request: 19.840351 seconds.
  path: Assets/UI button pack 2/Black/4-black.png
  artifactKey: Guid(57717239113d8f347be59d6006a76d6b) Importer(815301076,1909f56bfc062723c751e8b465ee728b)
Start importing Assets/UI button pack 2/Black/4-black.png using Guid(57717239113d8f347be59d6006a76d6b) Importer(815301076,1909f56bfc062723c751e8b465ee728b)  -> (artifact id: '6804817253fe2eddc7fdf63b31769aef') in 0.072213 seconds 
========================================================================
Received Import Request.
  Time since last request: 0.278717 seconds.
  path: Assets/UI button pack 2/Black/6-Black.png
  artifactKey: Guid(e997938590f92e042b226913702b4339) Importer(815301076,1909f56bfc062723c751e8b465ee728b)
Start importing Assets/UI button pack 2/Black/6-Black.png using Guid(e997938590f92e042b226913702b4339) Importer(815301076,1909f56bfc062723c751e8b465ee728b)  -> (artifact id: 'c5f48019f00d45433cc348db33310f54') in 0.069081 seconds 
========================================================================
Received Import Request.
  Time since last request: 0.266107 seconds.
  path: Assets/UI button pack 2/Black/9-Black.png
  artifactKey: Guid(6305948d6cf7cd24083c029b39e9635b) Importer(815301076,1909f56bfc062723c751e8b465ee728b)
Start importing Assets/UI button pack 2/Black/9-Black.png using Guid(6305948d6cf7cd24083c029b39e9635b) Importer(815301076,1909f56bfc062723c751e8b465ee728b)  -> (artifact id: '09832603b3af01a00479bcea04fc1c1a') in 0.065611 seconds 
========================================================================
Received Import Request.
  Time since last request: 8.334083 seconds.
  path: Assets/UI button pack 2/Black/backward-black.png
  artifactKey: Guid(c79fc96803c487f48944bab8cd66855a) Importer(815301076,1909f56bfc062723c751e8b465ee728b)
Start importing Assets/UI button pack 2/Black/backward-black.png using Guid(c79fc96803c487f48944bab8cd66855a) Importer(815301076,1909f56bfc062723c751e8b465ee728b)  -> (artifact id: '801c23e466f01fe98c8d5bceb2b9b0cf') in 0.062722 seconds 
========================================================================
Received Import Request.
  Time since last request: 0.683299 seconds.
  path: Assets/UI button pack 2/Black/black-rect-1024256.png
  artifactKey: Guid(d2df0c50c0b0154429ab593cc0073f6d) Importer(815301076,1909f56bfc062723c751e8b465ee728b)
Start importing Assets/UI button pack 2/Black/black-rect-1024256.png using Guid(d2df0c50c0b0154429ab593cc0073f6d) Importer(815301076,1909f56bfc062723c751e8b465ee728b)  -> (artifact id: '96012118b759c80f907c6fed857bca88') in 0.033976 seconds 
========================================================================
Received Import Request.
  Time since last request: 0.373524 seconds.
  path: Assets/UI button pack 2/Black/CHAT-BLACK.png
  artifactKey: Guid(11f477a5ae69a174184b49ff29555e09) Importer(815301076,1909f56bfc062723c751e8b465ee728b)
Start importing Assets/UI button pack 2/Black/CHAT-BLACK.png using Guid(11f477a5ae69a174184b49ff29555e09) Importer(815301076,1909f56bfc062723c751e8b465ee728b)  -> (artifact id: 'ff73c0d85f2757ef39ddfa799f8ae389') in 0.063261 seconds 
========================================================================
Received Import Request.
  Time since last request: 0.288872 seconds.
  path: Assets/UI button pack 2/Black/Copy-black.png
  artifactKey: Guid(fb7bbf0ab36be4944bb2c41f4fd9f706) Importer(815301076,1909f56bfc062723c751e8b465ee728b)
Start importing Assets/UI button pack 2/Black/Copy-black.png using Guid(fb7bbf0ab36be4944bb2c41f4fd9f706) Importer(815301076,1909f56bfc062723c751e8b465ee728b)  -> (artifact id: '5ff4649dbf56f19b262ee16c42fbb79a') in 0.070707 seconds 
========================================================================
Received Import Request.
  Time since last request: 0.336782 seconds.
  path: Assets/UI button pack 2/Black/Download-Black.png
  artifactKey: Guid(a3d5df889adf6de48be4b29ecee89b5e) Importer(815301076,1909f56bfc062723c751e8b465ee728b)
Start importing Assets/UI button pack 2/Black/Download-Black.png using Guid(a3d5df889adf6de48be4b29ecee89b5e) Importer(815301076,1909f56bfc062723c751e8b465ee728b)  -> (artifact id: '5af516735ffd35a564621767394fc7bf') in 0.075619 seconds 
========================================================================
Received Import Request.
  Time since last request: 0.294297 seconds.
  path: Assets/UI button pack 2/Black/EDIT-BLACK.png
  artifactKey: Guid(d9fc9d3b837cb6b408fe7e1f0f638f68) Importer(815301076,1909f56bfc062723c751e8b465ee728b)
Start importing Assets/UI button pack 2/Black/EDIT-BLACK.png using Guid(d9fc9d3b837cb6b408fe7e1f0f638f68) Importer(815301076,1909f56bfc062723c751e8b465ee728b)  -> (artifact id: '4c4c19276d1388fd9a1bce258ab53022') in 0.067436 seconds 
========================================================================
Received Import Request.
  Time since last request: 0.293937 seconds.
  path: Assets/UI button pack 2/Black/FREE-BLACK.png
  artifactKey: Guid(af7da31a2da126e4bb53cc0791a1157c) Importer(815301076,1909f56bfc062723c751e8b465ee728b)
Start importing Assets/UI button pack 2/Black/FREE-BLACK.png using Guid(af7da31a2da126e4bb53cc0791a1157c) Importer(815301076,1909f56bfc062723c751e8b465ee728b)  -> (artifact id: '3fef54315ab37d9a67fbd6f086ee1541') in 0.078720 seconds 
========================================================================
Received Import Request.
  Time since last request: 0.434015 seconds.
  path: Assets/UI button pack 2/Black/Idea-black.png
  artifactKey: Guid(6346eab538267dd43b07a835604e86a1) Importer(815301076,1909f56bfc062723c751e8b465ee728b)
Start importing Assets/UI button pack 2/Black/Idea-black.png using Guid(6346eab538267dd43b07a835604e86a1) Importer(815301076,1909f56bfc062723c751e8b465ee728b)  -> (artifact id: '1d1cb62b94ce7e130ea7779bf5149c44') in 0.064972 seconds 
========================================================================
Received Import Request.
  Time since last request: 0.319502 seconds.
  path: Assets/UI button pack 2/Black/left-egde-black.png
  artifactKey: Guid(184ec4d170013014f97759705f856591) Importer(815301076,1909f56bfc062723c751e8b465ee728b)
Start importing Assets/UI button pack 2/Black/left-egde-black.png using Guid(184ec4d170013014f97759705f856591) Importer(815301076,1909f56bfc062723c751e8b465ee728b)  -> (artifact id: 'b24f25f4981b62f90d993161d885158d') in 0.030291 seconds 
========================================================================
Received Import Request.
  Time since last request: 0.027404 seconds.
  path: Assets/UI button pack 2/Black/Lock-Black.png
  artifactKey: Guid(49a749ebe1d29644e91ac5a1f241071c) Importer(815301076,1909f56bfc062723c751e8b465ee728b)
Start importing Assets/UI button pack 2/Black/Lock-Black.png using Guid(49a749ebe1d29644e91ac5a1f241071c) Importer(815301076,1909f56bfc062723c751e8b465ee728b)  -> (artifact id: '0fa7b9e2a8027bc095923be8b455f864') in 0.076896 seconds 
========================================================================
Received Import Request.
  Time since last request: 0.356062 seconds.
  path: Assets/UI button pack 2/Black/mAIL-BLACK.png
  artifactKey: Guid(8a31337196136dd45a97ddb751038502) Importer(815301076,1909f56bfc062723c751e8b465ee728b)
Start importing Assets/UI button pack 2/Black/mAIL-BLACK.png using Guid(8a31337196136dd45a97ddb751038502) Importer(815301076,1909f56bfc062723c751e8b465ee728b)  -> (artifact id: '8d4077a2bc03c3ae296fb0db84c70cc5') in 0.062761 seconds 
========================================================================
Received Import Request.
  Time since last request: 0.000032 seconds.
  path: Assets/UI button pack 2/Black/Minus-blac.png
  artifactKey: Guid(266e6d834d1701a448d2824fa5feca87) Importer(815301076,1909f56bfc062723c751e8b465ee728b)
Start importing Assets/UI button pack 2/Black/Minus-blac.png using Guid(266e6d834d1701a448d2824fa5feca87) Importer(815301076,1909f56bfc062723c751e8b465ee728b)  -> (artifact id: '77eb907ac9af60fd89d12d7fe2cd548b') in 0.069149 seconds 
========================================================================
Received Import Request.
  Time since last request: 3270.159375 seconds.
  path: Assets/UI button pack 2/Black/10.png
  artifactKey: Guid(ac358cb859a8ece43b147da783500511) Importer(815301076,1909f56bfc062723c751e8b465ee728b)
Start importing Assets/UI button pack 2/Black/10.png using Guid(ac358cb859a8ece43b147da783500511) Importer(815301076,1909f56bfc062723c751e8b465ee728b)  -> (artifact id: 'a6c9453be94114fe42ee9a9bbe025c2b') in 0.162732 seconds 
========================================================================
Received Import Request.
  Time since last request: 2889.635333 seconds.
  path: Assets/6.png
  artifactKey: Guid(846be9934f7ee41469222663eee9c2db) Importer(815301076,1909f56bfc062723c751e8b465ee728b)
Start importing Assets/6.png using Guid(846be9934f7ee41469222663eee9c2db) Importer(815301076,1909f56bfc062723c751e8b465ee728b)  -> (artifact id: '1e922ef0a30b14ff58ae8748ca74e2be') in 0.136423 seconds 
========================================================================
Received Import Request.
  Time since last request: 2.662854 seconds.
  path: Assets/7.png
  artifactKey: Guid(eb1ac4d5c209ab44d98f97f7d7f8d87c) Importer(815301076,1909f56bfc062723c751e8b465ee728b)
Start importing Assets/7.png using Guid(eb1ac4d5c209ab44d98f97f7d7f8d87c) Importer(815301076,1909f56bfc062723c751e8b465ee728b)  -> (artifact id: '06fc9d6c9c079233dad6e1e92671585f') in 0.071389 seconds 
========================================================================
Received Import Request.
  Time since last request: 1.811145 seconds.
  path: Assets/Ace.png
  artifactKey: Guid(32827572d6e67c24285dd1cdf385763b) Importer(815301076,1909f56bfc062723c751e8b465ee728b)
Start importing Assets/Ace.png using Guid(32827572d6e67c24285dd1cdf385763b) Importer(815301076,1909f56bfc062723c751e8b465ee728b)  -> (artifact id: 'b0358733d2cd090e2df29bb5c51fa36b') in 0.065396 seconds 
========================================================================
Received Import Request.
  Time since last request: 142.438064 seconds.
  path: Assets/Ace.png
  artifactKey: Guid(32827572d6e67c24285dd1cdf385763b) Importer(815301076,1909f56bfc062723c751e8b465ee728b)
Start importing Assets/Ace.png using Guid(32827572d6e67c24285dd1cdf385763b) Importer(815301076,1909f56bfc062723c751e8b465ee728b)  -> (artifact id: '8dcf1c0087b49465b966a4768377e753') in 0.063610 seconds 
========================================================================
Received Import Request.
  Time since last request: 68.429566 seconds.
  path: Assets/Ace.png
  artifactKey: Guid(32827572d6e67c24285dd1cdf385763b) Importer(815301076,1909f56bfc062723c751e8b465ee728b)
Start importing Assets/Ace.png using Guid(32827572d6e67c24285dd1cdf385763b) Importer(815301076,1909f56bfc062723c751e8b465ee728b)  -> (artifact id: 'ceb8575e49b423fcc33b1be74eb833d8') in 0.062039 seconds 
========================================================================
Received Import Request.
  Time since last request: 79.630899 seconds.
  path: Assets/Sprites
  artifactKey: Guid(2fa483dff0b2b8f46bada86fd02bc91d) Importer(815301076,1909f56bfc062723c751e8b465ee728b)
Start importing Assets/Sprites using Guid(2fa483dff0b2b8f46bada86fd02bc91d) Importer(815301076,1909f56bfc062723c751e8b465ee728b)  -> (artifact id: '9c415241d6c9a37b01bb889818c565d0') in 0.007528 seconds 
========================================================================
Received Import Request.
  Time since last request: 28.931148 seconds.
  path: Assets/Sprites/Card Buttons
  artifactKey: Guid(26cb4765f7b674143b6cb7737df9a33f) Importer(815301076,1909f56bfc062723c751e8b465ee728b)
Start importing Assets/Sprites/Card Buttons using Guid(26cb4765f7b674143b6cb7737df9a33f) Importer(815301076,1909f56bfc062723c751e8b465ee728b)  -> (artifact id: 'deaa9b9fefe5d0974cb54041b401fbb1') in 0.006559 seconds 
========================================================================
Received Import Request.
  Time since last request: 494.695769 seconds.
  path: Assets/Sprites/Card Buttons/6.png
  artifactKey: Guid(c7f9c5b77f129f04bb652a5ca76f2918) Importer(815301076,1909f56bfc062723c751e8b465ee728b)
Start importing Assets/Sprites/Card Buttons/6.png using Guid(c7f9c5b77f129f04bb652a5ca76f2918) Importer(815301076,1909f56bfc062723c751e8b465ee728b)  -> (artifact id: 'f9bd5acf60a5bde54443bfb6bb76c02d') in 0.095818 seconds 
========================================================================
Received Import Request.
  Time since last request: 0.000052 seconds.
  path: Assets/Sprites/Card Buttons/8.png
  artifactKey: Guid(d9e581e2f72d6424fba2e10c6a4bc8b4) Importer(815301076,1909f56bfc062723c751e8b465ee728b)
Start importing Assets/Sprites/Card Buttons/8.png using Guid(d9e581e2f72d6424fba2e10c6a4bc8b4) Importer(815301076,1909f56bfc062723c751e8b465ee728b)  -> (artifact id: 'cbe43e33742c6bc356d83ca4110af59f') in 0.077915 seconds 
========================================================================
Received Import Request.
  Time since last request: 0.000060 seconds.
  path: Assets/Sprites/Card Buttons/J.png
  artifactKey: Guid(28f46199db1b94042820ed7c47733631) Importer(815301076,1909f56bfc062723c751e8b465ee728b)
Start importing Assets/Sprites/Card Buttons/J.png using Guid(28f46199db1b94042820ed7c47733631) Importer(815301076,1909f56bfc062723c751e8b465ee728b)  -> (artifact id: '2cb7021e3faca157564993a65e9fc0b3') in 0.079504 seconds 
========================================================================
Received Import Request.
  Time since last request: 0.000033 seconds.
  path: Assets/Sprites/Card Buttons/10.png
  artifactKey: Guid(133b411efbbe6d148af4edcf3c330c4c) Importer(815301076,1909f56bfc062723c751e8b465ee728b)
Start importing Assets/Sprites/Card Buttons/10.png using Guid(133b411efbbe6d148af4edcf3c330c4c) Importer(815301076,1909f56bfc062723c751e8b465ee728b)  -> (artifact id: 'fee6572abfceaa3c46fafbb96cfac114') in 0.071454 seconds 
========================================================================
Received Import Request.
  Time since last request: 0.000025 seconds.
  path: Assets/Sprites/Card Buttons/K.png
  artifactKey: Guid(440ea971ed1a23148939842b7cd67208) Importer(815301076,1909f56bfc062723c751e8b465ee728b)
Start importing Assets/Sprites/Card Buttons/K.png using Guid(440ea971ed1a23148939842b7cd67208) Importer(815301076,1909f56bfc062723c751e8b465ee728b)  -> (artifact id: '2c00e55580df0c230f58df54d640c876') in 0.077948 seconds 
========================================================================
Received Import Request.
  Time since last request: 0.000043 seconds.
  path: Assets/Sprites/Card Buttons/9.png
  artifactKey: Guid(cbcac001f29d3c746a85b403732333bc) Importer(815301076,1909f56bfc062723c751e8b465ee728b)
Start importing Assets/Sprites/Card Buttons/9.png using Guid(cbcac001f29d3c746a85b403732333bc) Importer(815301076,1909f56bfc062723c751e8b465ee728b)  -> (artifact id: 'ec212cfcf63a66b2d50958b75324fa78') in 0.059759 seconds 
========================================================================
Received Import Request.
  Time since last request: 0.000049 seconds.
  path: Assets/Sprites/Card Buttons/Q.png
  artifactKey: Guid(dca664a637f840c4d8d39351eefb0869) Importer(815301076,1909f56bfc062723c751e8b465ee728b)
Start importing Assets/Sprites/Card Buttons/Q.png using Guid(dca664a637f840c4d8d39351eefb0869) Importer(815301076,1909f56bfc062723c751e8b465ee728b)  -> (artifact id: 'bff43ae3918855f224c57deea8ac330c') in 0.073611 seconds 
========================================================================
Received Prepare
Registering precompiled user dll's ...
Registered in 0.008648 seconds.
Begin MonoManager ReloadAssembly
Symbol file LoadedFromMemory doesn't match image C:\Users\dince\Projects\Unity\Believe or Not\Library\PackageCache\com.unity.visualscripting@1.7.6\Editor\VisualScripting.Core\Dependencies\YamlDotNet\Unity.VisualScripting.YamlDotNet.dll
Symbol file LoadedFromMemory is not a mono symbol file
Symbol file LoadedFromMemory doesn't match image C:\Users\dince\Projects\Unity\Believe or Not\Library\PackageCache\com.unity.visualscripting@1.7.6\Editor\VisualScripting.Core\Dependencies\DotNetZip\Unity.VisualScripting.IonicZip.dll
Native extension for WindowsStandalone target not found
Refreshing native plugins compatible for Editor in 1.20 ms, found 4 plugins.
Preloading 0 native plugins for Editor in 0.00 ms.
Mono: successfully reloaded assembly
- Completed reload, in  1.506 seconds
Domain Reload Profiling:
	ReloadAssembly (1509ms)
		BeginReloadAssembly (466ms)
			ExecutionOrderSort (0ms)
			DisableScriptedObjects (75ms)
			BackupInstance (0ms)
			ReleaseScriptingObjects (0ms)
			CreateAndSetChildDomain (230ms)
		EndReloadAssembly (930ms)
			LoadAssemblies (142ms)
			RebuildTransferFunctionScriptingTraits (0ms)
			SetupTypeCache (288ms)
			ReleaseScriptCaches (2ms)
			RebuildScriptCaches (63ms)
			SetupLoadedEditorAssemblies (391ms)
				LogAssemblyErrors (0ms)
				InitializePlatformSupportModulesInManaged (18ms)
				SetLoadedEditorAssemblies (1ms)
				RefreshPlugins (1ms)
				BeforeProcessingInitializeOnLoad (100ms)
				ProcessInitializeOnLoadAttributes (225ms)
				ProcessInitializeOnLoadMethodAttributes (39ms)
				AfterProcessingInitializeOnLoad (7ms)
				EditorAssembliesLoaded (0ms)
			ExecutionOrderSort2 (0ms)
			AwakeInstancesAfterBackupRestoration (10ms)
Platform modules already initialized, skipping
Refreshing native plugins compatible for Editor in 3.03 ms, found 4 plugins.
Preloading 0 native plugins for Editor in 0.00 ms.
Unloading 3924 Unused Serialized files (Serialized files now loaded: 0)
Unloading 27 unused Assets / (192.7 KB). Loaded Objects now: 4410.
Memory consumption went from 153.2 MB to 153.0 MB.
Total: 6.055700 ms (FindLiveObjects: 0.587500 ms CreateObjectMapping: 0.170000 ms MarkObjects: 4.903100 ms  DeleteObjects: 0.392200 ms)

AssetImportParameters requested are different than current active one (requested -> active):
  custom:video-decoder-ogg-theora: a1e56fd34408186e4bbccfd4996cb3dc -> 
  custom:container-muxer-webm: aa71ff27fc2769a1b78a27578f13a17b -> 
  custom:container-demuxer-webm: 4f35f7cbe854078d1ac9338744f61a02 -> 
  custom:video-encoder-webm-vp8: eb34c28f22e8b96e1ab97ce403110664 -> 
  custom:audio-encoder-webm-vorbis: bf7c407c2cedff20999df2af8eb42d56 -> 
  custom:framework-win-MediaFoundation: 216162199b28c13a410421893ffa2e32 -> 
  custom:container-demuxer-ogg: 62fdf1f143b41e24485cea50d1cbac27 -> 
  custom:video-decoder-webm-vp8: 9c59270c3fd7afecdb556c50c9e8de78 -> 
  custom:audio-decoder-ogg-vorbis: bf7c407c2cedff20999df2af8eb42d56 -> 
========================================================================
Received Prepare
Registering precompiled user dll's ...
Registered in 0.004772 seconds.
Begin MonoManager ReloadAssembly
Symbol file LoadedFromMemory doesn't match image C:\Users\dince\Projects\Unity\Believe or Not\Library\PackageCache\com.unity.visualscripting@1.7.6\Editor\VisualScripting.Core\Dependencies\YamlDotNet\Unity.VisualScripting.YamlDotNet.dll
Symbol file LoadedFromMemory is not a mono symbol file
Symbol file LoadedFromMemory doesn't match image C:\Users\dince\Projects\Unity\Believe or Not\Library\PackageCache\com.unity.visualscripting@1.7.6\Editor\VisualScripting.Core\Dependencies\DotNetZip\Unity.VisualScripting.IonicZip.dll
Native extension for WindowsStandalone target not found
Refreshing native plugins compatible for Editor in 0.81 ms, found 4 plugins.
Preloading 0 native plugins for Editor in 0.00 ms.
Mono: successfully reloaded assembly
- Completed reload, in  0.987 seconds
Domain Reload Profiling:
	ReloadAssembly (988ms)
		BeginReloadAssembly (138ms)
			ExecutionOrderSort (0ms)
			DisableScriptedObjects (9ms)
			BackupInstance (0ms)
			ReleaseScriptingObjects (0ms)
			CreateAndSetChildDomain (40ms)
		EndReloadAssembly (747ms)
			LoadAssemblies (101ms)
			RebuildTransferFunctionScriptingTraits (0ms)
			SetupTypeCache (228ms)
			ReleaseScriptCaches (1ms)
			RebuildScriptCaches (50ms)
			SetupLoadedEditorAssemblies (326ms)
				LogAssemblyErrors (0ms)
				InitializePlatformSupportModulesInManaged (12ms)
				SetLoadedEditorAssemblies (1ms)
				RefreshPlugins (1ms)
				BeforeProcessingInitializeOnLoad (78ms)
				ProcessInitializeOnLoadAttributes (195ms)
				ProcessInitializeOnLoadMethodAttributes (33ms)
				AfterProcessingInitializeOnLoad (6ms)
				EditorAssembliesLoaded (0ms)
			ExecutionOrderSort2 (0ms)
			AwakeInstancesAfterBackupRestoration (9ms)
Platform modules already initialized, skipping
Refreshing native plugins compatible for Editor in 2.91 ms, found 4 plugins.
Preloading 0 native plugins for Editor in 0.00 ms.
Unloading 3924 Unused Serialized files (Serialized files now loaded: 0)
Unloading 27 unused Assets / (192.5 KB). Loaded Objects now: 4413.
Memory consumption went from 153.2 MB to 153.0 MB.
Total: 3.939900 ms (FindLiveObjects: 0.330700 ms CreateObjectMapping: 0.109700 ms MarkObjects: 3.301400 ms  DeleteObjects: 0.195900 ms)

AssetImportParameters requested are different than current active one (requested -> active):
  custom:video-decoder-ogg-theora: a1e56fd34408186e4bbccfd4996cb3dc -> 
  custom:container-muxer-webm: aa71ff27fc2769a1b78a27578f13a17b -> 
  custom:container-demuxer-webm: 4f35f7cbe854078d1ac9338744f61a02 -> 
  custom:video-encoder-webm-vp8: eb34c28f22e8b96e1ab97ce403110664 -> 
  custom:audio-encoder-webm-vorbis: bf7c407c2cedff20999df2af8eb42d56 -> 
  custom:framework-win-MediaFoundation: 216162199b28c13a410421893ffa2e32 -> 
  custom:container-demuxer-ogg: 62fdf1f143b41e24485cea50d1cbac27 -> 
  custom:video-decoder-webm-vp8: 9c59270c3fd7afecdb556c50c9e8de78 -> 
  custom:audio-decoder-ogg-vorbis: bf7c407c2cedff20999df2af8eb42d56 -> 
========================================================================
Received Prepare
Registering precompiled user dll's ...
Registered in 0.004901 seconds.
Begin MonoManager ReloadAssembly
Symbol file LoadedFromMemory doesn't match image C:\Users\dince\Projects\Unity\Believe or Not\Library\PackageCache\com.unity.visualscripting@1.7.6\Editor\VisualScripting.Core\Dependencies\YamlDotNet\Unity.VisualScripting.YamlDotNet.dll
Symbol file LoadedFromMemory is not a mono symbol file
Symbol file LoadedFromMemory doesn't match image C:\Users\dince\Projects\Unity\Believe or Not\Library\PackageCache\com.unity.visualscripting@1.7.6\Editor\VisualScripting.Core\Dependencies\DotNetZip\Unity.VisualScripting.IonicZip.dll
Native extension for WindowsStandalone target not found
Refreshing native plugins compatible for Editor in 0.95 ms, found 4 plugins.
Preloading 0 native plugins for Editor in 0.00 ms.
Mono: successfully reloaded assembly
- Completed reload, in  1.028 seconds
Domain Reload Profiling:
	ReloadAssembly (1028ms)
		BeginReloadAssembly (132ms)
			ExecutionOrderSort (0ms)
			DisableScriptedObjects (7ms)
			BackupInstance (0ms)
			ReleaseScriptingObjects (0ms)
			CreateAndSetChildDomain (36ms)
		EndReloadAssembly (799ms)
			LoadAssemblies (104ms)
			RebuildTransferFunctionScriptingTraits (0ms)
			SetupTypeCache (244ms)
			ReleaseScriptCaches (2ms)
			RebuildScriptCaches (51ms)
			SetupLoadedEditorAssemblies (347ms)
				LogAssemblyErrors (0ms)
				InitializePlatformSupportModulesInManaged (12ms)
				SetLoadedEditorAssemblies (0ms)
				RefreshPlugins (1ms)
				BeforeProcessingInitializeOnLoad (77ms)
				ProcessInitializeOnLoadAttributes (211ms)
				ProcessInitializeOnLoadMethodAttributes (38ms)
				AfterProcessingInitializeOnLoad (6ms)
				EditorAssembliesLoaded (0ms)
			ExecutionOrderSort2 (0ms)
			AwakeInstancesAfterBackupRestoration (10ms)
Platform modules already initialized, skipping
Refreshing native plugins compatible for Editor in 2.96 ms, found 4 plugins.
Preloading 0 native plugins for Editor in 0.00 ms.
Unloading 3924 Unused Serialized files (Serialized files now loaded: 0)
Unloading 27 unused Assets / (192.5 KB). Loaded Objects now: 4416.
Memory consumption went from 153.2 MB to 153.0 MB.
Total: 5.302300 ms (FindLiveObjects: 0.467900 ms CreateObjectMapping: 0.174100 ms MarkObjects: 4.236200 ms  DeleteObjects: 0.422000 ms)

AssetImportParameters requested are different than current active one (requested -> active):
  custom:video-decoder-ogg-theora: a1e56fd34408186e4bbccfd4996cb3dc -> 
  custom:container-muxer-webm: aa71ff27fc2769a1b78a27578f13a17b -> 
  custom:container-demuxer-webm: 4f35f7cbe854078d1ac9338744f61a02 -> 
  custom:video-encoder-webm-vp8: eb34c28f22e8b96e1ab97ce403110664 -> 
  custom:audio-encoder-webm-vorbis: bf7c407c2cedff20999df2af8eb42d56 -> 
  custom:framework-win-MediaFoundation: 216162199b28c13a410421893ffa2e32 -> 
  custom:container-demuxer-ogg: 62fdf1f143b41e24485cea50d1cbac27 -> 
  custom:video-decoder-webm-vp8: 9c59270c3fd7afecdb556c50c9e8de78 -> 
  custom:audio-decoder-ogg-vorbis: bf7c407c2cedff20999df2af8eb42d56 -> 
========================================================================
Received Prepare
Registering precompiled user dll's ...
Registered in 0.005123 seconds.
Begin MonoManager ReloadAssembly
Symbol file LoadedFromMemory doesn't match image C:\Users\dince\Projects\Unity\Believe or Not\Library\PackageCache\com.unity.visualscripting@1.7.6\Editor\VisualScripting.Core\Dependencies\YamlDotNet\Unity.VisualScripting.YamlDotNet.dll
Symbol file LoadedFromMemory is not a mono symbol file
Symbol file LoadedFromMemory doesn't match image C:\Users\dince\Projects\Unity\Believe or Not\Library\PackageCache\com.unity.visualscripting@1.7.6\Editor\VisualScripting.Core\Dependencies\DotNetZip\Unity.VisualScripting.IonicZip.dll
Native extension for WindowsStandalone target not found
Refreshing native plugins compatible for Editor in 0.91 ms, found 4 plugins.
Preloading 0 native plugins for Editor in 0.00 ms.
Mono: successfully reloaded assembly
- Completed reload, in  1.446 seconds
Domain Reload Profiling:
	ReloadAssembly (1449ms)
		BeginReloadAssembly (433ms)
			ExecutionOrderSort (0ms)
			DisableScriptedObjects (68ms)
			BackupInstance (0ms)
			ReleaseScriptingObjects (0ms)
			CreateAndSetChildDomain (193ms)
		EndReloadAssembly (899ms)
			LoadAssemblies (170ms)
			RebuildTransferFunctionScriptingTraits (0ms)
			SetupTypeCache (267ms)
			ReleaseScriptCaches (2ms)
			RebuildScriptCaches (53ms)
			SetupLoadedEditorAssemblies (386ms)
				LogAssemblyErrors (0ms)
				InitializePlatformSupportModulesInManaged (16ms)
				SetLoadedEditorAssemblies (1ms)
				RefreshPlugins (1ms)
				BeforeProcessingInitializeOnLoad (83ms)
				ProcessInitializeOnLoadAttributes (237ms)
				ProcessInitializeOnLoadMethodAttributes (41ms)
				AfterProcessingInitializeOnLoad (7ms)
				EditorAssembliesLoaded (0ms)
			ExecutionOrderSort2 (0ms)
			AwakeInstancesAfterBackupRestoration (10ms)
Platform modules already initialized, skipping
Refreshing native plugins compatible for Editor in 2.84 ms, found 4 plugins.
Preloading 0 native plugins for Editor in 0.00 ms.
Unloading 3924 Unused Serialized files (Serialized files now loaded: 0)
Unloading 27 unused Assets / (192.5 KB). Loaded Objects now: 4419.
Memory consumption went from 153.2 MB to 153.0 MB.
Total: 5.171000 ms (FindLiveObjects: 0.649400 ms CreateObjectMapping: 0.156300 ms MarkObjects: 4.152000 ms  DeleteObjects: 0.211200 ms)

AssetImportParameters requested are different than current active one (requested -> active):
  custom:video-decoder-ogg-theora: a1e56fd34408186e4bbccfd4996cb3dc -> 
  custom:container-muxer-webm: aa71ff27fc2769a1b78a27578f13a17b -> 
  custom:container-demuxer-webm: 4f35f7cbe854078d1ac9338744f61a02 -> 
  custom:video-encoder-webm-vp8: eb34c28f22e8b96e1ab97ce403110664 -> 
  custom:audio-encoder-webm-vorbis: bf7c407c2cedff20999df2af8eb42d56 -> 
  custom:framework-win-MediaFoundation: 216162199b28c13a410421893ffa2e32 -> 
  custom:container-demuxer-ogg: 62fdf1f143b41e24485cea50d1cbac27 -> 
  custom:video-decoder-webm-vp8: 9c59270c3fd7afecdb556c50c9e8de78 -> 
  custom:audio-decoder-ogg-vorbis: bf7c407c2cedff20999df2af8eb42d56 -> 
========================================================================
Received Prepare
Registering precompiled user dll's ...
Registered in 0.005684 seconds.
Begin MonoManager ReloadAssembly
Symbol file LoadedFromMemory doesn't match image C:\Users\dince\Projects\Unity\Believe or Not\Library\PackageCache\com.unity.visualscripting@1.7.6\Editor\VisualScripting.Core\Dependencies\YamlDotNet\Unity.VisualScripting.YamlDotNet.dll
Symbol file LoadedFromMemory is not a mono symbol file
Symbol file LoadedFromMemory doesn't match image C:\Users\dince\Projects\Unity\Believe or Not\Library\PackageCache\com.unity.visualscripting@1.7.6\Editor\VisualScripting.Core\Dependencies\DotNetZip\Unity.VisualScripting.IonicZip.dll
Native extension for WindowsStandalone target not found
Refreshing native plugins compatible for Editor in 0.85 ms, found 4 plugins.
Preloading 0 native plugins for Editor in 0.00 ms.
Mono: successfully reloaded assembly
- Completed reload, in  0.973 seconds
Domain Reload Profiling:
	ReloadAssembly (973ms)
		BeginReloadAssembly (140ms)
			ExecutionOrderSort (0ms)
			DisableScriptedObjects (8ms)
			BackupInstance (0ms)
			ReleaseScriptingObjects (0ms)
			CreateAndSetChildDomain (40ms)
		EndReloadAssembly (735ms)
			LoadAssemblies (96ms)
			RebuildTransferFunctionScriptingTraits (0ms)
			SetupTypeCache (231ms)
			ReleaseScriptCaches (2ms)
			RebuildScriptCaches (46ms)
			SetupLoadedEditorAssemblies (320ms)
				LogAssemblyErrors (0ms)
				InitializePlatformSupportModulesInManaged (12ms)
				SetLoadedEditorAssemblies (0ms)
				RefreshPlugins (1ms)
				BeforeProcessingInitializeOnLoad (76ms)
				ProcessInitializeOnLoadAttributes (190ms)
				ProcessInitializeOnLoadMethodAttributes (35ms)
				AfterProcessingInitializeOnLoad (6ms)
				EditorAssembliesLoaded (0ms)
			ExecutionOrderSort2 (0ms)
			AwakeInstancesAfterBackupRestoration (8ms)
Platform modules already initialized, skipping
Refreshing native plugins compatible for Editor in 2.30 ms, found 4 plugins.
Preloading 0 native plugins for Editor in 0.00 ms.
Unloading 3924 Unused Serialized files (Serialized files now loaded: 0)
Unloading 27 unused Assets / (192.7 KB). Loaded Objects now: 4422.
Memory consumption went from 153.2 MB to 153.0 MB.
Total: 3.374000 ms (FindLiveObjects: 0.357800 ms CreateObjectMapping: 0.117500 ms MarkObjects: 2.733900 ms  DeleteObjects: 0.162600 ms)

AssetImportParameters requested are different than current active one (requested -> active):
  custom:video-decoder-ogg-theora: a1e56fd34408186e4bbccfd4996cb3dc -> 
  custom:container-muxer-webm: aa71ff27fc2769a1b78a27578f13a17b -> 
  custom:container-demuxer-webm: 4f35f7cbe854078d1ac9338744f61a02 -> 
  custom:video-encoder-webm-vp8: eb34c28f22e8b96e1ab97ce403110664 -> 
  custom:audio-encoder-webm-vorbis: bf7c407c2cedff20999df2af8eb42d56 -> 
  custom:framework-win-MediaFoundation: 216162199b28c13a410421893ffa2e32 -> 
  custom:container-demuxer-ogg: 62fdf1f143b41e24485cea50d1cbac27 -> 
  custom:video-decoder-webm-vp8: 9c59270c3fd7afecdb556c50c9e8de78 -> 
  custom:audio-decoder-ogg-vorbis: bf7c407c2cedff20999df2af8eb42d56 -> 
========================================================================
Received Import Request.
  Time since last request: 13536.180940 seconds.
  path: Assets/Resources/Prefabs/Player.prefab
  artifactKey: Guid(84d433180e1029a4bb3b6a6c1bd178cf) Importer(815301076,1909f56bfc062723c751e8b465ee728b)
Start importing Assets/Resources/Prefabs/Player.prefab using Guid(84d433180e1029a4bb3b6a6c1bd178cf) Importer(815301076,1909f56bfc062723c751e8b465ee728b)  -> (artifact id: 'e64de0573e563d37e01586cad43f6c2f') in 0.065370 seconds 
